TN:
SF:app.js
FNF:0
FNH:0
DA:1,2
DA:2,2
DA:3,2
DA:4,2
DA:5,2
DA:7,2
DA:8,2
DA:10,2
DA:12,2
LF:9
LH:9
BRF:0
BRH:0
end_of_record
TN:
SF:db.js
FNF:0
FNH:0
DA:1,2
DA:2,2
DA:4,2
DA:12,2
LF:4
LH:4
BRF:0
BRH:0
end_of_record
TN:
SF:routes\users.js
FN:6,(anonymous_0)
FN:16,(anonymous_1)
FN:22,(anonymous_2)
FN:28,(anonymous_3)
FN:38,(anonymous_4)
FNF:5
FNH:2
FNDA:1,(anonymous_0)
FNDA:1,(anonymous_1)
FNDA:0,(anonymous_2)
FNDA:0,(anonymous_3)
FNDA:0,(anonymous_4)
DA:1,2
DA:2,2
DA:3,2
DA:6,2
DA:7,1
DA:8,1
DA:12,1
DA:16,2
DA:17,1
DA:18,1
DA:22,2
DA:23,0
DA:24,0
DA:28,2
DA:29,0
DA:30,0
DA:34,0
DA:38,2
DA:39,0
DA:40,0
DA:43,2
LF:21
LH:14
BRF:0
BRH:0
end_of_record
TN:
SF:utils\validateUser.js
FN:1,validateUser
FNF:1
FNH:1
FNDA:5,validateUser
DA:2,5
DA:3,4
DA:4,3
DA:5,2
DA:6,1
DA:9,1
LF:6
LH:6
BRDA:2,0,0,1
BRDA:2,0,1,4
BRDA:3,1,0,1
BRDA:3,1,1,3
BRDA:3,2,0,4
BRDA:3,2,1,3
BRDA:4,3,0,1
BRDA:4,3,1,2
BRDA:4,4,0,3
BRDA:4,4,1,3
BRDA:5,5,0,1
BRDA:5,5,1,1
BRDA:5,6,0,2
BRDA:5,6,1,2
BRF:14
BRH:14
end_of_record
